<?xml version="1.0" encoding="UTF-8"?>
<!-- Generated by org.testng.reporters.JUnitReportReporter -->
<testsuite hostname="Asha" failures="0" tests="6" name="uk.co.library.testsuite.JobSearchTest" time="46.335" errors="0" timestamp="2023-12-14T17:25:53 GMT" skipped="0">
  <testcase classname="uk.co.library.testsuite.JobSearchTest" name="verifyJobSearchResultUsingDifferentDataSet" time="7.685"/>
  <testcase classname="uk.co.library.testsuite.JobSearchTest" name="verifyJobSearchResultUsingDifferentDataSet" time="7.944"/>
  <testcase classname="uk.co.library.testsuite.JobSearchTest" name="verifyJobSearchResultUsingDifferentDataSet" time="7.615"/>
  <testcase classname="uk.co.library.testsuite.JobSearchTest" name="verifyJobSearchResultUsingDifferentDataSet" time="8.749"/>
  <testcase classname="uk.co.library.testsuite.JobSearchTest" name="verifyJobSearchResultUsingDifferentDataSet" time="7.302"/>
  <testcase classname="uk.co.library.testsuite.JobSearchTest" name="verifyJobSearchResultUsingDifferentDataSet" time="7.040"/>
</testsuite> <!-- uk.co.library.testsuite.JobSearchTest -->
